\BOOKMARK [1][-]{section.1}{\376\377\000P\000r\000o\000b\000l\000e\000m}{}% 1
\BOOKMARK [1][-]{section.2}{\376\377\000M\000o\000d\000e\000l}{}% 2
\BOOKMARK [2][-]{subsection.2.1}{\376\377\000O\000b\000j\000e\000c\000t\000\040\000F\000u\000n\000c\000t\000i\000o\000n}{section.2}% 3
\BOOKMARK [2][-]{subsection.2.2}{\376\377\000P\000e\000n\000a\000l\000i\000z\000e\000d\000\040\000e\000s\000t\000i\000m\000a\000t\000i\000o\000n}{section.2}% 4
\BOOKMARK [3][-]{subsubsection.2.2.1}{\376\377\000P\000e\000n\000a\000l\000t\000y\000\040\000F\000u\000n\000c\000t\000i\000o\000n}{subsection.2.2}% 5
\BOOKMARK [3][-]{subsubsection.2.2.2}{\376\377\000R\000e\000p\000a\000r\000a\000m\000e\000t\000e\000r\000i\000z\000a\000t\000i\000o\000n}{subsection.2.2}% 6
\BOOKMARK [1][-]{section.3}{\376\377\000C\000o\000m\000p\000u\000t\000a\000t\000i\000o\000n}{}% 7
\BOOKMARK [2][-]{subsection.3.1}{\376\377\000P\000r\000e\000p\000a\000r\000a\000t\000i\000o\000n}{section.3}% 8
\BOOKMARK [3][-]{subsubsection.3.1.1}{\376\377\000H\000i\000d\000d\000e\000n\000\040\000I\000n\000d\000i\000c\000a\000t\000o\000r\000\040\000C\000_\000i}{subsection.3.1}% 9
\BOOKMARK [3][-]{subsubsection.3.1.2}{\376\377\000N\000o\000t\000a\000t\000i\000o\000n}{subsection.3.1}% 10
\BOOKMARK [2][-]{subsection.3.2}{\376\377\000I\000n\000i\000t\000i\000a\000l\000i\000z\000a\000t\000i\000o\000n}{section.3}% 11
\BOOKMARK [2][-]{subsection.3.3}{\376\377\000I\000t\000e\000r\000a\000t\000i\000o\000n\000-\000E\000\040\000s\000t\000e\000p}{section.3}% 12
\BOOKMARK [2][-]{subsection.3.4}{\376\377\000I\000t\000e\000r\000a\000t\000i\000o\000n\000-\000M\000\040\000s\000t\000e\000p}{section.3}% 13
\BOOKMARK [3][-]{subsubsection.3.4.1}{\376\377\000U\000p\000d\000a\000t\000e\000\040\000,\000\040\000,\000\040}{subsection.3.4}% 14
\BOOKMARK [3][-]{subsubsection.3.4.2}{\376\377\000U\000p\000d\000a\000t\000e\000\040\000u\000,\000v\000,\000w}{subsection.3.4}% 15
\BOOKMARK [3][-]{subsubsection.3.4.3}{\376\377\000U\000p\000d\000a\000t\000e\000\040\000,\000\040\000,\000\040}{subsection.3.4}% 16
\BOOKMARK [3][-]{subsubsection.3.4.4}{\376\377\000U\000p\000d\000a\000t\000e\000\040}{subsection.3.4}% 17
\BOOKMARK [2][-]{subsection.3.5}{\376\377\000A\000l\000g\000o\000r\000i\000t\000h\000m}{section.3}% 18
\BOOKMARK [1][-]{section.4}{\376\377\000S\000i\000m\000u\000l\000a\000t\000i\000o\000n}{}% 19
\BOOKMARK [2][-]{subsection.4.1}{\376\377\000D\000a\000t\000a\000\040\000G\000e\000n\000e\000r\000a\000t\000i\000o\000n}{section.4}% 20
\BOOKMARK [2][-]{subsection.4.2}{\376\377\000E\000s\000t\000i\000m\000a\000t\000i\000o\000n}{section.4}% 21
\BOOKMARK [1][-]{section.5}{\376\377\000T\000e\000s\000t}{}% 22
\BOOKMARK [2][-]{subsection.5.1}{\376\377\000S\000i\000m\000p\000l\000e\000\040\000S\000e\000t\0001\000-\000L\000i\000n\000e\000a\000r}{section.5}% 23
\BOOKMARK [3][-]{subsubsection.5.1.1}{\376\377\000E\000s\000t\000i\000m\000a\000t\000i\000o\000n}{subsection.5.1}% 24
\BOOKMARK [3][-]{subsubsection.5.1.2}{\376\377\000N\000u\000m\000e\000r\000i\000c\000a\000l\000\040\000S\000e\000t\000t\000i\000n\000g}{subsection.5.1}% 25
\BOOKMARK [3][-]{subsubsection.5.1.3}{\376\377\000R\000e\000s\000u\000l\000t\000s}{subsection.5.1}% 26
\BOOKMARK [2][-]{subsection.5.2}{\376\377\000S\000i\000m\000p\000l\000e\000\040\000S\000e\000t\0002\000-\000T\000w\000o\000\040\000P\000a\000r\000t}{section.5}% 27
\BOOKMARK [3][-]{subsubsection.5.2.1}{\376\377\000E\000s\000t\000i\000m\000a\000t\000i\000o\000n}{subsection.5.2}% 28
\BOOKMARK [3][-]{subsubsection.5.2.2}{\376\377\000N\000u\000m\000e\000r\000i\000c\000a\000l\000\040\000S\000e\000t\000t\000i\000n\000g}{subsection.5.2}% 29
\BOOKMARK [3][-]{subsubsection.5.2.3}{\376\377\000R\000e\000s\000u\000l\000t\000s}{subsection.5.2}% 30
\BOOKMARK [2][-]{subsection.5.3}{\376\377\000S\000i\000m\000p\000l\000e\000\040\000S\000e\000t\0003\000-\000I\000n\000t\000e\000r\000a\000c\000t\000i\000o\000n}{section.5}% 31
\BOOKMARK [3][-]{subsubsection.5.3.1}{\376\377\000E\000s\000t\000i\000m\000a\000t\000i\000o\000n}{subsection.5.3}% 32
\BOOKMARK [3][-]{subsubsection.5.3.2}{\376\377\000N\000u\000m\000e\000r\000i\000c\000a\000l\000\040\000S\000e\000t\000t\000i\000n\000g}{subsection.5.3}% 33
\BOOKMARK [3][-]{subsubsection.5.3.3}{\376\377\000P\000a\000c\000k\000a\000g\000e\000\040\000R\000e\000s\000u\000l\000t\000s}{subsection.5.3}% 34
\BOOKMARK [3][-]{subsubsection.5.3.4}{\376\377\000I\000t\000e\000r\000a\000t\000i\000o\000n\000\040\000R\000e\000s\000u\000l\000t\000s}{subsection.5.3}% 35
\BOOKMARK [3][-]{subsubsection.5.3.5}{\376\377\000T\000e\000s\000t\000\040\000D\000e\000t\000a\000i\000l}{subsection.5.3}% 36
\BOOKMARK [1][-]{section.6}{\376\377\000T\000e\000s\000t\000\040\000S\000u\000m\000m\000a\000r\000y}{}% 37
